
  .   ____          _            __ _ _
 /\\ / ___'_ __ _ _(_)_ __  __ _ \ \ \ \
( ( )\___ | '_ | '_| | '_ \/ _` | \ \ \ \
 \\/  ___)| |_)| | | | | || (_| |  ) ) ) )
  '  |____| .__|_| |_|_| |_\__, | / / / /
 =========|_|==============|___/=/_/_/_/

 :: Spring Boot ::                (v4.1.0)

2026-06-12T23:17:43.598-05:00  INFO 29164 --- [           main] c.c.v.ConsejeroVocacionalApplication     : Starting ConsejeroVocacionalApplication using Java 25.0.2 with PID 29164 (E:\Ciclo 9\consejero-vocacional\target\classes started by User in E:\Ciclo 9\consejero-vocacional)
2026-06-12T23:17:43.602-05:00  INFO 29164 --- [           main] c.c.v.ConsejeroVocacionalApplication     : No active profile set, falling back to 1 default profile: "default"
2026-06-12T23:17:44.253-05:00  INFO 29164 --- [           main] o.s.boot.tomcat.TomcatWebServer          : Tomcat initialized with port 8080 (http)
2026-06-12T23:17:44.264-05:00  INFO 29164 --- [           main] o.apache.catalina.core.StandardService   : Starting service [Tomcat]
2026-06-12T23:17:44.264-05:00  INFO 29164 --- [           main] o.apache.catalina.core.StandardEngine    : Starting Servlet engine: [Apache Tomcat/11.0.22]
2026-06-12T23:17:44.305-05:00  INFO 29164 --- [           main] b.w.c.s.WebApplicationContextInitializer : Root WebApplicationContext: initialization completed in 673 ms
2026-06-12T23:17:44.631-05:00  INFO 29164 --- [           main] o.s.b.w.a.WelcomePageHandlerMapping      : Adding welcome page: class path resource [static/index.html]
2026-06-12T23:17:44.647-05:00  INFO 29164 --- [           main] o.s.v.b.OptionalValidatorFactoryBean     : Failed to set up a Bean Validation provider: jakarta.validation.NoProviderFoundException: Unable to create a Configuration, because no Jakarta Validation provider could be found. Add a provider like Hibernate Validator (RI) to your classpath.
2026-06-12T23:17:44.837-05:00  INFO 29164 --- [           main] o.s.boot.tomcat.TomcatWebServer          : Tomcat started on port 8080 (http) with context path '/'
2026-06-12T23:17:44.841-05:00  INFO 29164 --- [           main] c.c.v.ConsejeroVocacionalApplication     : Started ConsejeroVocacionalApplication in 1.492 seconds (process running for 1.797)
2026-06-12T23:19:01.536-05:00  INFO 29164 --- [nio-8080-exec-1] o.a.c.c.C.[Tomcat].[localhost].[/]       : Initializing Spring DispatcherServlet 'dispatcherServlet'
2026-06-12T23:19:01.537-05:00  INFO 29164 --- [nio-8080-exec-1] o.s.web.servlet.DispatcherServlet        : Initializing Servlet 'dispatcherServlet'
2026-06-12T23:19:01.539-05:00  INFO 29164 --- [nio-8080-exec-1] o.s.web.servlet.DispatcherServlet        : Completed initialization in 1 ms
2026-06-12T23:19:01.637-05:00  WARN 29164 --- [nio-8080-exec-1] .w.s.m.s.DefaultHandlerExceptionResolver : Resolved [org.springframework.http.converter.HttpMessageNotReadableException: JSON parse error: Invalid UTF-8 middle byte 0x61]
